Version 0.5.0
Starting training:
On board #0; board is

112002
110021
101111
020000
000111
112002
110021
101111
020000
000111
Version 0.5.0
Starting training:
On board #0; board is

001220
120212
211101
202110
010210
001220
120212
211101
202110
010210
Version 0.5.0
Starting training:
On board #0; board is

120220
222110
122011
212211
010000
120220
222110
122011
212211
010000
Version 0.5.0
Starting training:
On board #0; board is

220011
122210
201112
212110
021200
220011
122210
201112
212110
021200
Version 0.5.0
Starting training:
On board #0; board is

010200
022200
001220
212220
120012
010200
022200
001220
212220
120012
Version 0.5.0
Starting training:
On board #0; board is

000202
222112
001212
021222
211111
000202
222112
001212
021222
211111
Version 0.5.0
Starting training:
On board #0; board is

200021
121022
100121
121002
210221
200021
121022
100121
121002
210221
Version 0.5.0
Starting training:
On board #0; board is

220102
010010
020200
200000
220010
220102
010010
020200
200000
220010
Version 0.5.0
Starting training:
On board #0; board is

010022
111202
000221
012110
201212
010022
111202
000221
012110
201212
Version 0.5.0
Starting training:
On board #0; board is

010220
021010
200002
022010
211011
010220
021010
200002
022010
211011
Version 0.5.0
Starting training:
On board #0; board is

221222
220012
010121
200120
020222
221222
220012
010121
200120
020222
Version 0.5.0
Starting training:
On board #0; board is

212202
020101
202100
110221
210020
212202
020101
202100
110221
210020
Version 0.5.0
Starting training:
On board #0; board is

121222
022002
110202
001022
022012
121222
022002
110202
001022
022012
Version 0.5.0
Starting training:
On board #0; board is

021011
121202
121000
220121
210102
021011
121202
121000
220121
210102
Version 0.5.0
Starting training:
On board #0; board is

012100
111112
220101
111112
011111
012100
111112
220101
111112
011111
Version 0.5.0
Starting training:
On board #0; board is

001222
110111
212222
020221
220021
001222
110111
212222
020221
220021
Version 0.5.0
Starting training:
On board #0; board is

001001
211211
200100
112102
000120
001001
211211
200100
112102
000120
Version 0.5.0
Starting training:
On board #0; board is

012221
212112
221200
211020
012210
012221
212112
221200
211020
012210
Version 0.5.0
Starting training:
On board #0; board is

200200
121210
122220
100221
222001
200200
121210
122220
100221
222001
On board 0, move # 1
200200
121210
122220
100221
222001
Position: [4, 4]

On board 0, move # 2
200200
121210
122220
100221
222001
Position: [4, 4]

On board 0, move # 3
200200
121210
122220
100221
222001
Position: [4, 4]

On board 0, move # 4
200200
121210
122220
100221
222001
Position: [4, 4]

On board 0, move # 5
200200
121210
122220
100221
222001
Position: [4, 4]

On board 0, move # 6
200200
121210
122220
100221
222001
Position: [4, 4]

On board 0, move # 7
200200
121210
122220
100221
222001
Position: [4, 4]

On board 0, move # 8
200200
121210
122220
100221
222001
Position: [4, 4]

On board 0, move # 9
200200
121210
122220
100221
222001
Position: [4, 4]

On board 0, move # 10
200200
121210
122220
100221
222001
Position: [4, 4]

On board 0, move # 11
200200
121210
122220
100221
222001
Position: [4, 4]

On board 0, move # 12
200200
121210
122220
100221
222001
Position: [4, 4]

On board 0, move # 13
200200
121210
122220
100221
222001
Position: [4, 4]

On board 0, move # 14
200200
121210
122220
100221
222001
Position: [4, 4]

On board 0, move # 15
200200
121210
122220
100221
222001
Position: [4, 4]

On board 0, move # 16
200200
121210
122220
100221
222001
Position: [4, 4]

On board 0, move # 17
200200
121210
122220
100221
222001
Position: [4, 4]

On board 0, move # 18
200200
121210
122220
100221
222001
Position: [4, 4]

On board 0, move # 19
200200
121210
122220
100221
222001
Position: [4, 4]

On board 0, move # 20
200200
121210
122220
100221
222001
Position: [4, 4]

On board 0, move # 21
200200
121210
122220
100221
222001
Position: [4, 4]

On board 0, move # 22
200200
121210
122220
100221
222001
Position: [4, 4]

On board 0, move # 23
200200
121210
122220
100221
222001
Position: [4, 4]

On board 0, move # 24
200200
121210
122220
100221
222001
Position: [4, 4]

On board 0, move # 25
200200
121210
122220
100221
222001
Position: [4, 4]

On board 0, move # 26
200200
121210
122220
100221
222001
Position: [4, 4]

On board 0, move # 27
200200
121210
122220
100221
222001
Position: [4, 4]

On board 0, move # 28
200200
121210
122220
100221
222001
Position: [4, 4]

On board 0, move # 29
200200
121210
122220
100221
222001
Position: [4, 4]

On board 0, move # 30
200200
121210
122220
100221
222001
Position: [4, 4]

On board 0, move # 31
200200
121210
122220
100221
222001
Position: [4, 4]

On board 0, move # 32
200200
121210
122220
100221
222001
Position: [4, 4]

On board 0, move # 33
200200
121210
122220
100221
222001
Position: [4, 4]

On board 0, move # 34
200200
121210
122220
100221
222001
Position: [4, 4]

On board 0, move # 35
200200
121210
122220
100221
222001
Position: [4, 4]

On board 0, move # 36
200200
121210
122220
100221
222001
Position: [4, 4]

On board 0, move # 37
200200
121210
122220
100221
222001
Position: [4, 4]

On board 0, move # 38
200200
121210
122220
100221
222001
Position: [4, 4]

On board 0, move # 39
200200
121210
122220
100221
222001
Position: [4, 4]

On board 0, move # 40
200200
121210
122220
100221
222001
Position: [4, 4]

On board 0, move # 41
200200
121210
122220
100221
222001
Position: [4, 4]

On board 0, move # 42
200200
121210
122220
100221
222001
Position: [4, 4]

On board 0, move # 43
200200
121210
122220
100221
222001
Position: [4, 4]

On board 0, move # 44
200200
121210
122220
100221
222001
Position: [4, 4]

On board 0, move # 45
200200
121210
122220
100221
222001
Position: [4, 4]

On board 0, move # 46
200200
121210
122220
100221
222001
Position: [4, 4]

On board 0, move # 47
200200
121210
122220
100221
222001
Position: [4, 4]

On board 0, move # 48
200200
121210
122220
100221
222001
Position: [4, 4]

On board 0, move # 49
200200
121210
122220
100221
222001
Position: [4, 4]

On board 0, move # 50
200200
121210
122220
100221
222001
Position: [4, 4]

On board 0, move # 51
200200
121210
122220
100221
222001
Position: [4, 4]

On board 0, move # 52
200200
121210
122220
100221
222001
Position: [4, 4]

On board 0, move # 53
200200
121210
122220
100221
222001
Position: [4, 4]

On board 0, move # 54
200200
121210
122220
100221
222001
Position: [4, 4]

On board 0, move # 55
200200
121210
122220
100221
222001
Position: [4, 4]

On board 0, move # 56
200200
121210
122220
100221
222001
Position: [4, 4]

On board 0, move # 57
200200
121210
122220
100221
222001
Position: [4, 4]

On board 0, move # 58
200200
121210
122220
100221
222001
Position: [4, 4]

On board 0, move # 59
200200
121210
122220
100221
222001
Position: [4, 4]

On board 0, move # 60
200200
121210
122220
100221
222001
Position: [4, 4]

On board 0, move # 61
200200
121210
122220
100221
222001
Position: [4, 4]

On board 0, move # 62
200200
121210
122220
100221
222001
Position: [4, 4]

On board 0, move # 63
200200
121210
122220
100221
222001
Position: [4, 4]

On board 0, move # 64
200200
121210
122220
100221
222001
Position: [4, 4]

On board 0, move # 65
200200
121210
122220
100221
222001
Position: [4, 4]

On board 0, move # 66
200200
121210
122220
100221
222001
Position: [4, 4]

On board 0, move # 67
200200
121210
122220
100221
222001
Position: [4, 4]

On board 0, move # 68
200200
121210
122220
100221
222001
Position: [4, 4]

On board 0, move # 69
200200
121210
122220
100221
222001
Position: [4, 4]

On board 0, move # 70
200200
121210
122220
100221
222001
Position: [4, 4]

On board 0, move # 71
200200
121210
122220
100221
222001
Position: [4, 4]

On board 0, move # 72
200200
121210
122220
100221
222001
Position: [4, 4]

On board 0, move # 73
200200
121210
122220
100221
222001
Position: [4, 4]

On board 0, move # 74
200200
121210
122220
100221
222001
Position: [4, 4]

On board 0, move # 75
200200
121210
122220
100221
222001
Position: [4, 4]

On board 0, move # 76
200200
121210
122220
100221
222001
Position: [4, 4]

On board 0, move # 77
200200
121210
122220
100221
222001
Position: [4, 4]

On board 0, move # 78
200200
121210
122220
100221
222001
Position: [4, 4]

On board 0, move # 79
200200
121210
122220
100221
222001
Position: [4, 4]

On board 0, move # 80
200200
121210
122220
100221
222001
Position: [4, 4]

On board 0, move # 81
200200
121210
122220
100221
222001
Position: [4, 4]

On board 0, move # 82
200200
121210
122220
100221
222001
Position: [4, 4]

On board 0, move # 83
200200
121210
122220
100221
222001
Position: [4, 4]

On board 0, move # 84
200200
121210
122220
100221
222001
Position: [4, 4]

On board 0, move # 85
200200
121210
122220
100221
222001
Position: [4, 4]

On board 0, move # 86
200200
121210
122220
100221
222001
Position: [4, 4]

On board 0, move # 87
200200
121210
122220
100221
222001
Position: [4, 4]

On board 0, move # 88
200200
121210
122220
100221
222001
Position: [4, 4]

On board 0, move # 89
200200
121210
122220
100221
222001
Position: [4, 4]

On board 0, move # 90
200200
121210
122220
100221
222001
Position: [4, 4]

On board 0, move # 91
200200
121210
122220
100221
222001
Position: [4, 4]

On board 0, move # 92
200200
121210
122220
100221
222001
Position: [4, 4]

On board 0, move # 93
200200
121210
122220
100221
222001
Position: [4, 4]

On board 0, move # 94
200200
121210
122220
100221
222001
Position: [4, 4]

On board 0, move # 95
200200
121210
122220
100221
222001
Position: [4, 4]

On board 0, move # 96
200200
121210
122220
100221
222001
Position: [4, 4]

On board 0, move # 97
200200
121210
122220
100221
222001
Position: [4, 4]

On board 0, move # 98
200200
121210
122220
100221
222001
Position: [4, 4]

On board 0, move # 99
200200
121210
122220
100221
222001
Position: [4, 4]

On board 0, move # 100
200200
121210
122220
100221
222001
Position: [4, 4]

On board 0, move # 101
200200
121210
122220
100221
222001
Position: [4, 4]

On board 0, move # 102
200200
121210
122220
100221
222001
Position: [4, 4]

On board 0, move # 103
200200
121210
122220
100221
222001
Position: [4, 4]

On board 0, move # 104
200200
121210
122220
100221
222001
Position: [4, 4]

On board 0, move # 105
200200
121210
122220
100221
222001
Position: [4, 4]

On board 0, move # 106
200200
121210
122220
100221
222001
Position: [4, 4]

On board 0, move # 107
200200
121210
122220
100221
222001
Position: [4, 4]

On board 0, move # 108
200200
121210
122220
100221
222001
Position: [4, 4]

On board 0, move # 109
200200
121210
122220
100221
222001
Position: [4, 4]

On board 0, move # 110
200200
121210
122220
100221
222001
Position: [4, 4]

On board 0, move # 111
200200
121210
122220
100221
222001
Position: [4, 4]

On board 0, move # 112
200200
121210
122220
100221
222001
Position: [4, 4]

On board 0, move # 113
200200
121210
122220
100221
222001
Position: [4, 4]

On board 0, move # 114
200200
121210
122220
100221
222001
Position: [4, 4]

On board 0, move # 115
200200
121210
122220
100221
222001
Position: [4, 4]

On board 0, move # 116
200200
121210
122220
100221
222001
Position: [4, 4]

On board 0, move # 117
200200
121210
122220
100221
222001
Position: [4, 4]

On board 0, move # 118
200200
121210
122220
100221
222001
Position: [4, 4]

On board 0, move # 119
200200
121210
122220
100221
222001
Position: [4, 4]

On board 0, move # 120
200200
121210
122220
100221
222001
Position: [4, 4]

On board 0, move # 121
200200
121210
122220
100221
222001
Position: [4, 4]

On board 0, move # 122
200200
121210
122220
100221
222001
Position: [4, 4]

On board 0, move # 123
200200
121210
122220
100221
222001
Position: [4, 4]

On board 0, move # 124
200200
121210
122220
100221
222001
Position: [4, 4]

On board 0, move # 125
200200
121210
122220
100221
222001
Position: [4, 4]

On board 0, move # 126
200200
121210
122220
100221
222001
Position: [4, 4]

On board 0, move # 127
200200
121210
122220
100221
222001
Position: [4, 4]

On board 0, move # 128
200200
121210
122220
100221
222001
Position: [4, 4]

On board 0, move # 129
200200
121210
122220
100221
222001
Position: [4, 4]

On board 0, move # 130
200200
121210
122220
100221
222001
Position: [4, 4]

On board 0, move # 131
200200
121210
122220
100221
222001
Position: [4, 4]

On board 0, move # 132
200200
121210
122220
100221
222001
Position: [4, 4]

On board 0, move # 133
200200
121210
122220
100221
222001
Position: [4, 4]

On board 0, move # 134
200200
121210
122220
100221
222001
Position: [4, 4]

On board 0, move # 135
200200
121210
122220
100221
222001
Position: [4, 4]

On board 0, move # 136
200200
121210
122220
100221
222001
Position: [4, 4]

On board 0, move # 137
200200
121210
122220
100221
222001
Position: [4, 4]

On board 0, move # 138
200200
121210
122220
100221
222001
Position: [4, 4]

On board 0, move # 139
200200
121210
122220
100221
222001
Position: [4, 4]

On board 0, move # 140
200200
121210
122220
100221
222001
Position: [4, 4]

On board 0, move # 141
200200
121210
122220
100221
222001
Position: [4, 4]

On board 0, move # 142
200200
121210
122220
100221
222001
Position: [4, 4]

On board 0, move # 143
200200
121210
122220
100221
222001
Position: [4, 4]

On board 0, move # 144
200200
121210
122220
100221
222001
Position: [4, 4]

On board 0, move # 145
200200
121210
122220
100221
222001
Position: [4, 4]

On board 0, move # 146
200200
121210
122220
100221
222001
Position: [4, 4]

On board 0, move # 147
200200
121210
122220
100221
222001
Position: [4, 4]

On board 0, move # 148
200200
121210
122220
100221
222001
Position: [4, 4]

On board 0, move # 149
200200
121210
122220
100221
222001
Position: [4, 4]

On board 0, move # 150
200200
121210
122220
100221
222001
Position: [4, 4]

On board 0, move # 151
200200
121210
122220
100221
222001
Position: [4, 4]

On board 0, move # 152
200200
121210
122220
100221
222001
Position: [4, 4]

On board 0, move # 153
200200
121210
122220
100221
222001
Position: [4, 4]

On board 0, move # 154
200200
121210
122220
100221
222001
Position: [4, 4]

On board 0, move # 155
200200
121210
122220
100221
222001
Position: [4, 4]

On board 0, move # 156
200200
121210
122220
100221
222001
Position: [4, 4]

On board 0, move # 157
200200
121210
122220
100221
222001
Position: [4, 4]

On board 0, move # 158
200200
121210
122220
100221
222001
Position: [4, 4]

On board 0, move # 159
200200
121210
122220
100221
222001
Position: [4, 4]

On board 0, move # 160
200200
121210
122220
100221
222001
Position: [4, 4]

On board 0, move # 161
200200
121210
122220
100221
222001
Position: [4, 4]

On board 0, move # 162
200200
121210
122220
100221
222001
Position: [4, 4]

On board 0, move # 163
200200
121210
122220
100221
222001
Position: [4, 4]

On board 0, move # 164
200200
121210
122220
100221
222001
Position: [4, 4]

On board 0, move # 165
200200
121210
122220
100221
222001
Position: [4, 4]

On board 0, move # 166
200200
121210
122220
100221
222001
Position: [4, 4]

On board 0, move # 167
200200
121210
122220
100221
222001
Position: [4, 4]

On board 0, move # 168
200200
121210
122220
100221
222001
Position: [4, 4]

On board 0, move # 169
200200
121210
122220
100221
222001
Position: [4, 4]

On board 0, move # 170
200200
121210
122220
100221
222001
Position: [4, 4]

On board 0, move # 171
200200
121210
122220
100221
222001
Position: [4, 4]

On board 0, move # 172
200200
121210
122220
100221
222001
Position: [4, 4]

On board 0, move # 173
200200
121210
122220
100221
222001
Position: [4, 4]

On board 0, move # 174
200200
121210
122220
100221
222001
Position: [4, 4]

On board 0, move # 175
200200
121210
122220
100221
222001
Position: [4, 4]

On board 0, move # 176
200200
121210
122220
100221
222001
Position: [4, 4]

On board 0, move # 177
200200
121210
122220
100221
222001
Position: [4, 4]

On board 0, move # 178
200200
121210
122220
100221
222001
Position: [4, 4]

On board 0, move # 179
200200
121210
122220
100221
222001
Position: [4, 4]

On board 0, move # 180
200200
121210
122220
100221
222001
Position: [4, 4]

On board 0, move # 181
200200
121210
122220
100221
222001
Position: [4, 4]

On board 0, move # 182
200200
121210
122220
100221
222001
Position: [4, 4]

On board 0, move # 183
200200
121210
122220
100221
222001
Position: [4, 4]

On board 0, move # 184
200200
121210
122220
100221
222001
Position: [4, 4]

On board 0, move # 185
200200
121210
122220
100221
222001
Position: [4, 4]

On board 0, move # 186
200200
121210
122220
100221
222001
Position: [4, 4]

On board 0, move # 187
200200
121210
122220
100221
222001
Position: [4, 4]

On board 0, move # 188
200200
121210
122220
100221
222001
Position: [4, 4]

On board 0, move # 189
200200
121210
122220
100221
222001
Position: [4, 4]

On board 0, move # 190
200200
121210
122220
100221
222001
Position: [4, 4]

On board 0, move # 191
200200
121210
122220
100221
222001
Position: [4, 4]

On board 0, move # 192
200200
121210
122220
100221
222001
Position: [4, 4]

On board 0, move # 193
200200
121210
122220
100221
222001
Position: [4, 4]

On board 0, move # 194
200200
121210
122220
100221
222001
Position: [4, 4]

On board 0, move # 195
200200
121210
122220
100221
222001
Position: [4, 4]

On board 0, move # 196
200200
121210
122220
100221
222001
Position: [4, 4]

On board 0, move # 197
200200
121210
122220
100221
222001
Position: [4, 4]

On board 0, move # 198
200200
121210
122220
100221
222001
Position: [4, 4]

On board 0, move # 199
200200
121210
122220
100221
222001
Position: [4, 4]

On board 0, move # 200
200200
121210
122220
100221
222001
Position: [4, 4]

On board 0, move # 201
200200
121210
122220
100221
222001
Position: [4, 4]

On board 0, move # 202
200200
121210
122220
100221
222001
Position: [4, 4]

On board 0, move # 203
200200
121210
122220
100221
222001
Position: [4, 4]

On board 0, move # 204
200200
121210
122220
100221
222001
Position: [4, 4]

On board 0, move # 205
200200
121210
122220
100221
222001
Position: [4, 4]

On board 0, move # 206
200200
121210
122220
100221
222001
Position: [4, 4]

On board 0, move # 207
200200
121210
122220
100221
222001
Position: [4, 4]

On board 0, move # 208
200200
121210
122220
100221
222001
Position: [4, 4]

On board 0, move # 209
200200
121210
122220
100221
222001
Position: [4, 4]

On board 0, move # 210
200200
121210
122220
100221
222001
Position: [4, 4]

On board 0, move # 211
200200
121210
122220
100221
222001
Position: [4, 4]

On board 0, move # 212
200200
121210
122220
100221
222001
Position: [4, 4]

On board 0, move # 213
200200
121210
122220
100221
222001
Position: [4, 4]

On board 0, move # 214
200200
121210
122220
100221
222001
Position: [4, 4]

On board 0, move # 215
200200
121210
122220
100221
222001
Position: [4, 4]

On board 0, move # 216
200200
121210
122220
100221
222001
Position: [4, 4]

On board 0, move # 217
200200
121210
122220
100221
222001
Position: [4, 4]

On board 0, move # 218
200200
121210
122220
100221
222001
Position: [4, 4]

On board 0, move # 219
200200
121210
122220
100221
222001
Position: [4, 4]

On board 0, move # 220
200200
121210
122220
100221
222001
Position: [4, 4]

On board 0, move # 221
200200
121210
122220
100221
222001
Position: [4, 4]

On board 0, move # 222
200200
121210
122220
100221
222001
Position: [4, 4]

On board 0, move # 223
200200
121210
122220
100221
222001
Position: [4, 4]

On board 0, move # 224
200200
121210
122220
100221
222001
Position: [4, 4]

On board 0, move # 225
200200
121210
122220
100221
222001
Position: [4, 4]

On board 0, move # 226
200200
121210
122220
100221
222001
Position: [4, 4]

On board 0, move # 227
200200
121210
122220
100221
222001
Position: [4, 4]

On board 0, move # 228
200200
121210
122220
100221
222001
Position: [4, 4]

On board 0, move # 229
200200
121210
122220
100221
222001
Position: [4, 4]

On board 0, move # 230
200200
121210
122220
100221
222001
Position: [4, 4]

On board 0, move # 231
200200
121210
122220
100221
222001
Position: [4, 4]

On board 0, move # 232
200200
121210
122220
100221
222001
Position: [4, 4]

On board 0, move # 233
200200
121210
122220
100221
222001
Position: [4, 4]

On board 0, move # 234
200200
121210
122220
100221
222001
Position: [4, 4]

On board 0, move # 235
200200
121210
122220
100221
222001
Position: [4, 4]

On board 0, move # 236
200200
121210
122220
100221
222001
Position: [4, 4]

On board 0, move # 237
200200
121210
122220
100221
222001
Position: [4, 4]

On board 0, move # 238
200200
121210
122220
100221
222001
Position: [4, 4]

On board 0, move # 239
200200
121210
122220
100221
222001
Position: [4, 4]

On board 0, move # 240
200200
121210
122220
100221
222001
Position: [4, 4]

On board 0, move # 241
200200
121210
122220
100221
222001
Position: [4, 4]

On board 0, move # 242
200200
121210
122220
100221
222001
Position: [4, 4]

On board 0, move # 243
200200
121210
122220
100221
222001
Position: [4, 4]

On board 0, move # 244
200200
121210
122220
100221
222001
Position: [4, 4]

On board 0, move # 245
200200
121210
122220
100221
222001
Position: [4, 4]

On board 0, move # 246
200200
121210
122220
100221
222001
Position: [4, 4]

On board 0, move # 247
200200
121210
122220
100221
222001
Position: [4, 4]

On board 0, move # 248
200200
121210
122220
100221
222001
Position: [4, 4]

On board 0, move # 249
200200
121210
122220
100221
222001
Position: [4, 4]

On board 0, move # 250
200200
121210
122220
100221
222001
Position: [4, 4]

On board 0, move # 251
200200
121210
122220
100221
222001
Position: [4, 4]

On board 0, move # 252
200200
121210
122220
100221
222001
Position: [4, 4]

On board 0, move # 253
200200
121210
122220
100221
222001
Position: [4, 4]

On board 0, move # 254
200200
121210
122220
100221
222001
Position: [4, 4]

On board 0, move # 255
200200
121210
122220
100221
222001
Position: [4, 4]

On board 0, move # 256
200200
121210
122220
100221
222001
Position: [4, 4]

On board 0, move # 257
200200
121210
122220
100221
222001
Position: [4, 4]

On board 0, move # 258
200200
121210
122220
100221
222001
Position: [4, 4]

